<?xml version="1.0" encoding="UTF-8"?>
<testsuite xmlns:xsi="http://www.w3.org/2001/XMLSchema-instance" xsi:noNamespaceSchemaLocation="https://maven.apache.org/surefire/maven-surefire-plugin/xsd/surefire-test-report.xsd" name="TestSuite" time="1.26" tests="4" errors="0" skipped="0" failures="0">
  <properties>
[...]
</properties>
  <testcase name="setup1" classname="com.furman.MyTestNGClass" time="0.014"/>
  <testcase name="setup2" classname="com.furman.MyTestNGClass" time="0.001"/>
  <testcase name="setup3" classname="com.furman.MyTestNGClass" time="0"/>
  <testcase name="setup4" classname="com.furman.MyTestNGClass" time="0.001"/>
</testsuite>