<?xml version="1.0" encoding="UTF-8"?>
<!-- Generated by org.testng.reporters.JUnitXMLReporter -->
<testsuite ignored="0" hostname="FurmanHP" failures="0" tests="4" name="Regression1" time="0.084" errors="0" timestamp="2020-07-08T21:01:00 CEST">
  <testcase classname="com.furman.MyTestNGClass" name="setup1" time="0.008"/>
  <testcase classname="com.furman.MyTestNGClass" name="setup2" time="0.0"/>
  <testcase classname="com.furman.MyTestNGClass" name="setup3" time="0.0"/>
  <testcase classname="com.furman.MyTestNGClass" name="setup4" time="0.0"/>
</testsuite> <!-- Regression1 -->
